[debug] [2021-05-06T04:28:03.153Z] ----------------------------------------------------------------------
[debug] [2021-05-06T04:28:03.155Z] Command:       D:\installed_programs\nodeJS\node.exe C:\Users\jagad\AppData\Roaming\npm\node_modules\firebase-tools\lib\bin\firebase.js deploy --debug
[debug] [2021-05-06T04:28:03.155Z] CLI Version:   9.10.1
[debug] [2021-05-06T04:28:03.155Z] Platform:      win32
[debug] [2021-05-06T04:28:03.156Z] Node Version:  v14.16.0
[debug] [2021-05-06T04:28:03.157Z] Time:          Thu May 06 2021 09:58:03 GMT+0530 (India Standard Time)
[debug] [2021-05-06T04:28:03.157Z] ----------------------------------------------------------------------
[debug] 
[debug] [2021-05-06T04:28:03.165Z] > command requires scopes: ["email","openid","https://www.googleapis.com/auth/cloudplatformprojects.readonly","https://www.googleapis.com/auth/firebase","https://www.googleapis.com/auth/cloud-platform"]
[debug] [2021-05-06T04:28:03.167Z] > authorizing via signed-in user (jagadeeshwaravaraprasad@gmail.com)
[debug] [2021-05-06T04:28:03.169Z] [iam] checking project todolist-d2091 for permissions ["firebase.projects.get","firebasehosting.sites.update"]
[debug] [2021-05-06T04:28:03.179Z] >>> HTTP REQUEST POST https://cloudresourcemanager.googleapis.com/v1/projects/todolist-d2091:testIamPermissions  
 {"permissions":["firebase.projects.get","firebasehosting.sites.update"]}
[debug] [2021-05-06T04:28:04.591Z] <<< HTTP RESPONSE 200 {"content-type":"application/json; charset=UTF-8","vary":"X-Origin, Referer, Origin,Accept-Encoding","date":"Thu, 06 May 2021 04:28:02 GMT","server":"ESF","cache-control":"private","x-xss-protection":"0","x-frame-options":"SAMEORIGIN","x-content-type-options":"nosniff","server-timing":"gfet4t7; dur=1134","alt-svc":"h3-29=\":443\"; ma=2592000,h3-T051=\":443\"; ma=2592000,h3-Q050=\":443\"; ma=2592000,h3-Q046=\":443\"; ma=2592000,h3-Q043=\":443\"; ma=2592000,quic=\":443\"; ma=2592000; v=\"46,43\"","accept-ranges":"none","transfer-encoding":"chunked"}
[debug] [2021-05-06T04:28:04.600Z] > refreshing access token with scopes: []
[debug] [2021-05-06T04:28:04.603Z] >>> HTTP REQUEST POST https://www.googleapis.com/oauth2/v3/token  
 <request body omitted>
[debug] [2021-05-06T04:28:04.779Z] <<< HTTP RESPONSE 200 {"expires":"Mon, 01 Jan 1990 00:00:00 GMT","pragma":"no-cache","date":"Thu, 06 May 2021 04:28:02 GMT","cache-control":"no-cache, no-store, max-age=0, must-revalidate","content-type":"application/json; charset=utf-8","vary":"X-Origin, Referer, Origin,Accept-Encoding","server":"scaffolding on HTTPServer2","x-xss-protection":"0","x-frame-options":"SAMEORIGIN","x-content-type-options":"nosniff","alt-svc":"h3-29=\":443\"; ma=2592000,h3-T051=\":443\"; ma=2592000,h3-Q050=\":443\"; ma=2592000,h3-Q046=\":443\"; ma=2592000,h3-Q043=\":443\"; ma=2592000,quic=\":443\"; ma=2592000; v=\"46,43\"","accept-ranges":"none","transfer-encoding":"chunked"}
[debug] [2021-05-06T04:28:04.816Z] >>> [apiv2][query] GET https://firebase.googleapis.com/v1beta1/projects/todolist-d2091 [none]
[debug] [2021-05-06T04:28:05.314Z] <<< [apiv2][status] GET https://firebase.googleapis.com/v1beta1/projects/todolist-d2091 200
[debug] [2021-05-06T04:28:05.315Z] <<< [apiv2][body] GET https://firebase.googleapis.com/v1beta1/projects/todolist-d2091 {"projectId":"todolist-d2091","projectNumber":"894982912404","displayName":"todolist","name":"projects/todolist-d2091","resources":{"hostingSite":"todolist-d2091"},"state":"ACTIVE"}
[info] 
[info] === Deploying to 'todolist-d2091'...
[info] 
[info] i  deploying hosting 
[debug] [2021-05-06T04:28:05.338Z] > refreshing access token with scopes: ["email","https://www.googleapis.com/auth/cloud-platform","https://www.googleapis.com/auth/cloudplatformprojects.readonly","https://www.googleapis.com/auth/firebase","openid"]
[debug] [2021-05-06T04:28:05.340Z] >>> HTTP REQUEST POST https://www.googleapis.com/oauth2/v3/token  
 <request body omitted>
[debug] [2021-05-06T04:28:05.505Z] <<< HTTP RESPONSE 200 {"date":"Thu, 06 May 2021 04:28:03 GMT","cache-control":"no-cache, no-store, max-age=0, must-revalidate","pragma":"no-cache","expires":"Mon, 01 Jan 1990 00:00:00 GMT","content-type":"application/json; charset=utf-8","vary":"X-Origin, Referer, Origin,Accept-Encoding","server":"scaffolding on HTTPServer2","x-xss-protection":"0","x-frame-options":"SAMEORIGIN","x-content-type-options":"nosniff","alt-svc":"h3-29=\":443\"; ma=2592000,h3-T051=\":443\"; ma=2592000,h3-Q050=\":443\"; ma=2592000,h3-Q046=\":443\"; ma=2592000,h3-Q043=\":443\"; ma=2592000,quic=\":443\"; ma=2592000; v=\"46,43\"","accept-ranges":"none","transfer-encoding":"chunked"}
[debug] [2021-05-06T04:28:05.531Z] >>> HTTP REQUEST POST https://firebasehosting.googleapis.com/v1beta1/sites/todolist-d2091/versions  
 {"config":{"rewrites":[{"glob":"**","path":"/index.html"}]},"labels":{"deployment-tool":"cli-firebase"}}
[debug] [2021-05-06T04:28:07.447Z] <<< HTTP RESPONSE 200 {"content-type":"application/json; charset=UTF-8","vary":"X-Origin, Referer, Origin,Accept-Encoding","date":"Thu, 06 May 2021 04:28:05 GMT","server":"ESF","cache-control":"private","x-xss-protection":"0","x-frame-options":"SAMEORIGIN","x-content-type-options":"nosniff","alt-svc":"h3-29=\":443\"; ma=2592000,h3-T051=\":443\"; ma=2592000,h3-Q050=\":443\"; ma=2592000,h3-Q046=\":443\"; ma=2592000,h3-Q043=\":443\"; ma=2592000,quic=\":443\"; ma=2592000; v=\"46,43\"","accept-ranges":"none","transfer-encoding":"chunked"}
[info] i  hosting[todolist-d2091]: beginning deploy... 
[info] i  hosting[todolist-d2091]: found 6 files in public 
[debug] [2021-05-06T04:28:07.470Z] > refreshing access token with scopes: []
[debug] [2021-05-06T04:28:07.471Z] >>> HTTP REQUEST POST https://www.googleapis.com/oauth2/v3/token  
 <request body omitted>
[debug] [2021-05-06T04:28:07.474Z] [hosting] hash cache [cHVibGlj] stored for 6 files
[debug] [2021-05-06T04:28:07.474Z] [hosting][hash queue][FINAL] {"max":2,"min":1,"avg":1,"active":0,"complete":6,"success":6,"errored":0,"retried":0,"total":6,"elapsed":6}
[debug] [2021-05-06T04:28:07.620Z] <<< HTTP RESPONSE 200 {"date":"Thu, 06 May 2021 04:28:05 GMT","expires":"Mon, 01 Jan 1990 00:00:00 GMT","cache-control":"no-cache, no-store, max-age=0, must-revalidate","pragma":"no-cache","content-type":"application/json; charset=utf-8","vary":"X-Origin, Referer, Origin,Accept-Encoding","server":"scaffolding on HTTPServer2","x-xss-protection":"0","x-frame-options":"SAMEORIGIN","x-content-type-options":"nosniff","alt-svc":"h3-29=\":443\"; ma=2592000,h3-T051=\":443\"; ma=2592000,h3-Q050=\":443\"; ma=2592000,h3-Q046=\":443\"; ma=2592000,h3-Q043=\":443\"; ma=2592000,quic=\":443\"; ma=2592000; v=\"46,43\"","accept-ranges":"none","transfer-encoding":"chunked"}
[debug] [2021-05-06T04:28:07.636Z] >>> [apiv2][query] POST https://firebasehosting.googleapis.com/v1beta1/sites/todolist-d2091/versions/842d717d8deb55a1:populateFiles [none]
[debug] [2021-05-06T04:28:07.637Z] >>> [apiv2][body] POST https://firebasehosting.googleapis.com/v1beta1/sites/todolist-d2091/versions/842d717d8deb55a1:populateFiles {"files":{"/favicon.ico":"eae62e993eb980ec8a25058c39d5a51feab118bd2100c4deebb2a9c158ec11f9","/index.html":"21129d15db86c2d0b5c4beeb36dfc508111c842d426bf702b6b59d847b2c9174","/logo192.png":"3ee59515172ee198f3be375979df15ac5345183e656720a381b8872b2a39dc8b","/logo512.png":"ee7e2f3fdb8209c4b6fd7bef6ba50d1b9dba30a25bb5c3126df057e1cb6f5331","/manifest.json":"aff3449bdc238776f5d6d967f19ec491b36aed5fb7f23ccff6500736fd58494a","/robots.txt":"bfe106a3fb878dc83461c86818bf74fc1bdc7f28538ba613cd3e775516ce8b49"}}
[debug] [2021-05-06T04:28:09.296Z] <<< [apiv2][status] POST https://firebasehosting.googleapis.com/v1beta1/sites/todolist-d2091/versions/842d717d8deb55a1:populateFiles 200
[debug] [2021-05-06T04:28:09.297Z] <<< [apiv2][body] POST https://firebasehosting.googleapis.com/v1beta1/sites/todolist-d2091/versions/842d717d8deb55a1:populateFiles {"uploadUrl":"https://upload-firebasehosting.googleapis.com/upload/sites/todolist-d2091/versions/842d717d8deb55a1/files"}
[debug] [2021-05-06T04:28:09.301Z] [hosting][populate queue][FINAL] {"max":1830,"min":1830,"avg":1830,"active":0,"complete":1,"success":1,"errored":0,"retried":0,"total":1,"elapsed":1831}
[debug] [2021-05-06T04:28:09.305Z] [hosting] uploads queued: 0
[debug] [2021-05-06T04:28:09.306Z] [hosting][upload queue][FINAL] {"max":0,"min":9999999999,"avg":0,"active":0,"complete":0,"success":0,"errored":0,"retried":0,"total":0,"elapsed":1620275289306}
[info] +  hosting[todolist-d2091]: file upload complete 
[debug] [2021-05-06T04:28:09.309Z] [hosting] deploy completed after 1854ms
[debug] [2021-05-06T04:28:09.467Z] [
  {
    "config": {
      "public": "public",
      "ignore": [
        "firebase.json",
        "**/.*",
        "**/node_modules/**"
      ],
      "rewrites": [
        {
          "source": "**",
          "destination": "/index.html"
        }
      ],
      "site": "todolist-d2091"
    },
    "site": "todolist-d2091",
    "version": "sites/todolist-d2091/versions/842d717d8deb55a1"
  }
]
[info] i  hosting[todolist-d2091]: finalizing version... 
[debug] [2021-05-06T04:28:09.477Z] > refreshing access token with scopes: ["email","https://www.googleapis.com/auth/cloud-platform","https://www.googleapis.com/auth/cloudplatformprojects.readonly","https://www.googleapis.com/auth/firebase","openid"]
[debug] [2021-05-06T04:28:09.479Z] >>> HTTP REQUEST POST https://www.googleapis.com/oauth2/v3/token  
 <request body omitted>
[debug] [2021-05-06T04:28:09.629Z] <<< HTTP RESPONSE 200 {"cache-control":"no-cache, no-store, max-age=0, must-revalidate","expires":"Mon, 01 Jan 1990 00:00:00 GMT","pragma":"no-cache","date":"Thu, 06 May 2021 04:28:07 GMT","content-type":"application/json; charset=utf-8","vary":"X-Origin, Referer, Origin,Accept-Encoding","server":"scaffolding on HTTPServer2","x-xss-protection":"0","x-frame-options":"SAMEORIGIN","x-content-type-options":"nosniff","alt-svc":"h3-29=\":443\"; ma=2592000,h3-T051=\":443\"; ma=2592000,h3-Q050=\":443\"; ma=2592000,h3-Q046=\":443\"; ma=2592000,h3-Q043=\":443\"; ma=2592000,quic=\":443\"; ma=2592000; v=\"46,43\"","accept-ranges":"none","transfer-encoding":"chunked"}
[debug] [2021-05-06T04:28:09.660Z] >>> HTTP REQUEST PATCH https://firebasehosting.googleapis.com/v1beta1/sites/todolist-d2091/versions/842d717d8deb55a1?updateMask=status  
 {"status":"FINALIZED"}
[debug] [2021-05-06T04:28:11.236Z] <<< HTTP RESPONSE 200 {"content-type":"application/json; charset=UTF-8","vary":"X-Origin, Referer, Origin,Accept-Encoding","date":"Thu, 06 May 2021 04:28:09 GMT","server":"ESF","cache-control":"private","x-xss-protection":"0","x-frame-options":"SAMEORIGIN","x-content-type-options":"nosniff","alt-svc":"h3-29=\":443\"; ma=2592000,h3-T051=\":443\"; ma=2592000,h3-Q050=\":443\"; ma=2592000,h3-Q046=\":443\"; ma=2592000,h3-Q043=\":443\"; ma=2592000,quic=\":443\"; ma=2592000; v=\"46,43\"","accept-ranges":"none","transfer-encoding":"chunked"}
[debug] [2021-05-06T04:28:11.238Z] [hosting] finalized version for todolist-d2091: {"name":"sites/todolist-d2091/versions/842d717d8deb55a1","status":"FINALIZED","config":{"rewrites":[{"glob":"**","path":"/index.html"}]},"labels":{"deployment-tool":"cli-firebase"},"createTime":"2021-05-06T04:28:04.907956Z","createUser":{"email":"jagadeeshwaravaraprasad@gmail.com"},"finalizeTime":"2021-05-06T04:28:09.064439Z","finalizeUser":{"email":"jagadeeshwaravaraprasad@gmail.com"}}
[info] +  hosting[todolist-d2091]: version finalized 
[info] i  hosting[todolist-d2091]: releasing new version... 
[debug] [2021-05-06T04:28:11.249Z] >>> HTTP REQUEST POST https://firebasehosting.googleapis.com/v1beta1/sites/todolist-d2091/releases?version_name=sites/todolist-d2091/versions/842d717d8deb55a1  
 {"message":null}
[debug] [2021-05-06T04:28:12.874Z] <<< HTTP RESPONSE 200 {"content-type":"application/json; charset=UTF-8","vary":"X-Origin, Referer, Origin,Accept-Encoding","date":"Thu, 06 May 2021 04:28:10 GMT","server":"ESF","cache-control":"private","x-xss-protection":"0","x-frame-options":"SAMEORIGIN","x-content-type-options":"nosniff","alt-svc":"h3-29=\":443\"; ma=2592000,h3-T051=\":443\"; ma=2592000,h3-Q050=\":443\"; ma=2592000,h3-Q046=\":443\"; ma=2592000,h3-Q043=\":443\"; ma=2592000,quic=\":443\"; ma=2592000; v=\"46,43\"","accept-ranges":"none","transfer-encoding":"chunked"}
[debug] [2021-05-06T04:28:12.876Z] [hosting] release: {"name":"sites/todolist-d2091/releases/1620275290098640","version":{"name":"sites/todolist-d2091/versions/842d717d8deb55a1","status":"FINALIZED","config":{"rewrites":[{"glob":"**","path":"/index.html"}]},"labels":{"deployment-tool":"cli-firebase"},"createTime":"2021-05-06T04:28:04.907956Z","createUser":{"email":"jagadeeshwaravaraprasad@gmail.com"},"finalizeTime":"2021-05-06T04:28:09.064439Z","finalizeUser":{"email":"jagadeeshwaravaraprasad@gmail.com"},"preview":{}},"type":"DEPLOY","releaseTime":"2021-05-06T04:28:10.098640249Z","releaseUser":{"email":"jagadeeshwaravaraprasad@gmail.com"}}
[info] +  hosting[todolist-d2091]: release complete 
[info] 
[info] +  Deploy complete! 
[info] 
[info] Project Console: https://console.firebase.google.com/project/todolist-d2091/overview
[info] Hosting URL: https://todolist-d2091.web.app
